2021-07-28 07:38:54.885  INFO 12176 --- [restartedMain] com.globehopper.CountryApp14Application  : Starting CountryApp14Application using Java 15.0.2 on LTUS145825 with PID 12176 (C:\Users\938971\Workspace\eclipse\workspace\CountryApp14\target\classes started by 938971 in C:\Users\938971\Workspace\eclipse\workspace\CountryApp14)
2021-07-28 07:38:54.905  INFO 12176 --- [restartedMain] com.globehopper.CountryApp14Application  : No active profile set, falling back to default profiles: default
2021-07-28 07:38:54.995  INFO 12176 --- [restartedMain] .e.DevToolsPropertyDefaultsPostProcessor : Devtools property defaults active! Set 'spring.devtools.add-properties' to 'false' to disable
2021-07-28 07:38:55.938  INFO 12176 --- [restartedMain] .s.d.r.c.RepositoryConfigurationDelegate : Bootstrapping Spring Data JPA repositories in DEFAULT mode.
2021-07-28 07:38:56.000  INFO 12176 --- [restartedMain] .s.d.r.c.RepositoryConfigurationDelegate : Finished Spring Data repository scanning in 52 ms. Found 3 JPA repository interfaces.
2021-07-28 07:38:56.540  INFO 12176 --- [restartedMain] o.s.b.w.embedded.tomcat.TomcatWebServer  : Tomcat initialized with port(s): 8080 (http)
2021-07-28 07:38:56.549  INFO 12176 --- [restartedMain] o.apache.catalina.core.StandardService   : Starting service [Tomcat]
2021-07-28 07:38:56.549  INFO 12176 --- [restartedMain] org.apache.catalina.core.StandardEngine  : Starting Servlet engine: [Apache Tomcat/9.0.46]
2021-07-28 07:38:56.659  INFO 12176 --- [restartedMain] o.a.c.c.C.[Tomcat].[localhost].[/]       : Initializing Spring embedded WebApplicationContext
2021-07-28 07:38:56.660  INFO 12176 --- [restartedMain] w.s.c.ServletWebServerApplicationContext : Root WebApplicationContext: initialization completed in 1663 ms
2021-07-28 07:38:56.673 DEBUG 12176 --- [restartedMain] o.s.b.w.s.ServletContextInitializerBeans : Mapping filters: characterEncodingFilter urls=[/*] order=-2147483648, formContentFilter urls=[/*] order=-9900, requestContextFilter urls=[/*] order=-105
2021-07-28 07:38:56.674 DEBUG 12176 --- [restartedMain] o.s.b.w.s.ServletContextInitializerBeans : Mapping servlets: dispatcherServlet urls=[/]
2021-07-28 07:38:56.743  INFO 12176 --- [restartedMain] com.zaxxer.hikari.HikariDataSource       : HikariPool-1 - Starting...
2021-07-28 07:38:57.082  INFO 12176 --- [restartedMain] com.zaxxer.hikari.HikariDataSource       : HikariPool-1 - Start completed.
2021-07-28 07:38:57.189  INFO 12176 --- [restartedMain] o.hibernate.jpa.internal.util.LogHelper  : HHH000204: Processing PersistenceUnitInfo [name: default]
2021-07-28 07:38:57.243  INFO 12176 --- [restartedMain] org.hibernate.Version                    : HHH000412: Hibernate ORM core version 5.4.32.Final
2021-07-28 07:38:57.376  INFO 12176 --- [restartedMain] o.hibernate.annotations.common.Version   : HCANN000001: Hibernate Commons Annotations {5.1.2.Final}
2021-07-28 07:38:57.511  INFO 12176 --- [restartedMain] org.hibernate.dialect.Dialect            : HHH000400: Using dialect: org.hibernate.dialect.MySQL8Dialect
2021-07-28 07:38:58.069  INFO 12176 --- [restartedMain] o.h.e.t.j.p.i.JtaPlatformInitiator       : HHH000490: Using JtaPlatform implementation: [org.hibernate.engine.transaction.jta.platform.internal.NoJtaPlatform]
2021-07-28 07:38:58.076  INFO 12176 --- [restartedMain] j.LocalContainerEntityManagerFactoryBean : Initialized JPA EntityManagerFactory for persistence unit 'default'
2021-07-28 07:38:58.351  WARN 12176 --- [restartedMain] JpaBaseConfiguration$JpaWebConfiguration : spring.jpa.open-in-view is enabled by default. Therefore, database queries may be performed during view rendering. Explicitly configure spring.jpa.open-in-view to disable this warning
2021-07-28 07:38:58.435 DEBUG 12176 --- [restartedMain] s.w.s.m.m.a.RequestMappingHandlerAdapter : ControllerAdvice beans: 0 @ModelAttribute, 0 @InitBinder, 1 RequestBodyAdvice, 1 ResponseBodyAdvice
2021-07-28 07:38:58.503 DEBUG 12176 --- [restartedMain] s.w.s.m.m.a.RequestMappingHandlerMapping : 24 mappings in 'requestMappingHandlerMapping'
2021-07-28 07:38:58.508  INFO 12176 --- [restartedMain] o.s.b.a.w.s.WelcomePageHandlerMapping    : Adding welcome page template: index
2021-07-28 07:38:58.531 DEBUG 12176 --- [restartedMain] o.s.w.s.handler.SimpleUrlHandlerMapping  : Patterns [/webjars/**, /**] in 'resourceHandlerMapping'
2021-07-28 07:38:58.538 DEBUG 12176 --- [restartedMain] .m.m.a.ExceptionHandlerExceptionResolver : ControllerAdvice beans: 0 @ExceptionHandler, 1 ResponseBodyAdvice
2021-07-28 07:38:58.642  INFO 12176 --- [restartedMain] o.s.b.d.a.OptionalLiveReloadServer       : LiveReload server is running on port 35729
2021-07-28 07:38:58.677  INFO 12176 --- [restartedMain] o.s.b.w.embedded.tomcat.TomcatWebServer  : Tomcat started on port(s): 8080 (http) with context path ''
2021-07-28 07:38:58.685  INFO 12176 --- [restartedMain] com.globehopper.CountryApp14Application  : Started CountryApp14Application in 4.303 seconds (JVM running for 5.345)
2021-07-28 07:38:58.687  INFO 12176 --- [restartedMain] com.globehopper.CountryApp14Application  : ***Kya chal raha hai? ***
2021-07-28 07:39:08.205  INFO 12176 --- [http-nio-8080-exec-1] o.a.c.c.C.[Tomcat].[localhost].[/]       : Initializing Spring DispatcherServlet 'dispatcherServlet'
2021-07-28 07:39:08.206  INFO 12176 --- [http-nio-8080-exec-1] o.s.web.servlet.DispatcherServlet        : Initializing Servlet 'dispatcherServlet'
2021-07-28 07:39:08.206 DEBUG 12176 --- [http-nio-8080-exec-1] o.s.web.servlet.DispatcherServlet        : Detected StandardServletMultipartResolver
2021-07-28 07:39:08.206 DEBUG 12176 --- [http-nio-8080-exec-1] o.s.web.servlet.DispatcherServlet        : Detected AcceptHeaderLocaleResolver
2021-07-28 07:39:08.206 DEBUG 12176 --- [http-nio-8080-exec-1] o.s.web.servlet.DispatcherServlet        : Detected FixedThemeResolver
2021-07-28 07:39:08.207 DEBUG 12176 --- [http-nio-8080-exec-1] o.s.web.servlet.DispatcherServlet        : Detected org.springframework.web.servlet.view.DefaultRequestToViewNameTranslator@77d0c582
2021-07-28 07:39:08.207 DEBUG 12176 --- [http-nio-8080-exec-1] o.s.web.servlet.DispatcherServlet        : Detected org.springframework.web.servlet.support.SessionFlashMapManager@5ed0ab53
2021-07-28 07:39:08.207 DEBUG 12176 --- [http-nio-8080-exec-1] o.s.web.servlet.DispatcherServlet        : enableLoggingRequestDetails='false': request parameters and headers will be masked to prevent unsafe logging of potentially sensitive data
2021-07-28 07:39:08.207  INFO 12176 --- [http-nio-8080-exec-1] o.s.web.servlet.DispatcherServlet        : Completed initialization in 1 ms
2021-07-28 07:39:08.217 DEBUG 12176 --- [http-nio-8080-exec-1] o.s.web.servlet.DispatcherServlet        : GET "/capital/readall", parameters={}
2021-07-28 07:39:08.219 DEBUG 12176 --- [http-nio-8080-exec-1] s.w.s.m.m.a.RequestMappingHandlerMapping : Mapped to com.globehopper.controllers.CapitalController#getCapitals()
2021-07-28 07:39:08.246  INFO 12176 --- [http-nio-8080-exec-1] c.g.controllers.CityController           : ***Test 1 reading all capitals 
2021-07-28 07:39:08.397 DEBUG 12176 --- [http-nio-8080-exec-1] m.m.a.RequestResponseBodyMethodProcessor : Using 'application/json', given [*/*] and supported [application/json, application/*+json, application/json, application/*+json]
2021-07-28 07:39:08.398 DEBUG 12176 --- [http-nio-8080-exec-1] m.m.a.RequestResponseBodyMethodProcessor : Writing [[com.globehopper.models.Capital@415dfc11, com.globehopper.models.Capital@58edbf67, com.globehopper.m (truncated)...]
2021-07-28 07:39:08.446 DEBUG 12176 --- [http-nio-8080-exec-1] o.s.web.servlet.DispatcherServlet        : Completed 200 OK
2021-07-28 07:52:49.560 DEBUG 12176 --- [http-nio-8080-exec-3] o.s.web.servlet.DispatcherServlet        : GET "/capital/readall", parameters={}
2021-07-28 07:52:49.560 DEBUG 12176 --- [http-nio-8080-exec-3] s.w.s.m.m.a.RequestMappingHandlerMapping : Mapped to com.globehopper.controllers.CapitalController#getCapitals()
2021-07-28 07:52:49.561  INFO 12176 --- [http-nio-8080-exec-3] c.g.controllers.CityController           : ***Test 1 reading all capitals 
2021-07-28 07:52:49.578 DEBUG 12176 --- [http-nio-8080-exec-3] m.m.a.RequestResponseBodyMethodProcessor : Using 'application/json', given [*/*] and supported [application/json, application/*+json, application/json, application/*+json]
2021-07-28 07:52:49.578 DEBUG 12176 --- [http-nio-8080-exec-3] m.m.a.RequestResponseBodyMethodProcessor : Writing [[com.globehopper.models.Capital@2cb411b0, com.globehopper.models.Capital@38a2ffdd, com.globehopper.m (truncated)...]
2021-07-28 07:52:49.581 DEBUG 12176 --- [http-nio-8080-exec-3] o.s.web.servlet.DispatcherServlet        : Completed 200 OK
2021-07-28 07:58:40.063 DEBUG 12176 --- [http-nio-8080-exec-5] o.s.web.servlet.DispatcherServlet        : GET "/capital/readall", parameters={}
2021-07-28 07:58:40.064 DEBUG 12176 --- [http-nio-8080-exec-5] s.w.s.m.m.a.RequestMappingHandlerMapping : Mapped to com.globehopper.controllers.CapitalController#getCapitals()
2021-07-28 07:58:40.064  INFO 12176 --- [http-nio-8080-exec-5] c.g.controllers.CityController           : ***Test 1 reading all capitals 
2021-07-28 07:58:40.074 DEBUG 12176 --- [http-nio-8080-exec-5] m.m.a.RequestResponseBodyMethodProcessor : Using 'application/json', given [*/*] and supported [application/json, application/*+json, application/json, application/*+json]
2021-07-28 07:58:40.074 DEBUG 12176 --- [http-nio-8080-exec-5] m.m.a.RequestResponseBodyMethodProcessor : Writing [[com.globehopper.models.Capital@1a928571, com.globehopper.models.Capital@c306167, com.globehopper.mo (truncated)...]
2021-07-28 07:58:40.076 DEBUG 12176 --- [http-nio-8080-exec-5] o.s.web.servlet.DispatcherServlet        : Completed 200 OK
2021-07-28 07:58:43.373 DEBUG 12176 --- [http-nio-8080-exec-6] o.s.web.servlet.DispatcherServlet        : GET "/capital/readall", parameters={}
2021-07-28 07:58:43.374 DEBUG 12176 --- [http-nio-8080-exec-6] s.w.s.m.m.a.RequestMappingHandlerMapping : Mapped to com.globehopper.controllers.CapitalController#getCapitals()
2021-07-28 07:58:43.375  INFO 12176 --- [http-nio-8080-exec-6] c.g.controllers.CityController           : ***Test 1 reading all capitals 
2021-07-28 07:58:43.394 DEBUG 12176 --- [http-nio-8080-exec-6] m.m.a.RequestResponseBodyMethodProcessor : Using 'application/json', given [*/*] and supported [application/json, application/*+json, application/json, application/*+json]
2021-07-28 07:58:43.395 DEBUG 12176 --- [http-nio-8080-exec-6] m.m.a.RequestResponseBodyMethodProcessor : Writing [[com.globehopper.models.Capital@1502a1fd, com.globehopper.models.Capital@d952ab2, com.globehopper.mo (truncated)...]
2021-07-28 07:58:43.399 DEBUG 12176 --- [http-nio-8080-exec-6] o.s.web.servlet.DispatcherServlet        : Completed 200 OK
2021-07-28 08:00:54.047 DEBUG 12176 --- [http-nio-8080-exec-8] o.s.web.servlet.DispatcherServlet        : GET "/capital/readall", parameters={}
2021-07-28 08:00:54.048 DEBUG 12176 --- [http-nio-8080-exec-8] s.w.s.m.m.a.RequestMappingHandlerMapping : Mapped to com.globehopper.controllers.CapitalController#getCapitals()
2021-07-28 08:00:54.048  INFO 12176 --- [http-nio-8080-exec-8] c.g.controllers.CityController           : ***Test 1 reading all capitals 
2021-07-28 08:00:54.054 DEBUG 12176 --- [http-nio-8080-exec-8] m.m.a.RequestResponseBodyMethodProcessor : Using 'application/json', given [*/*] and supported [application/json, application/*+json, application/json, application/*+json]
2021-07-28 08:00:54.054 DEBUG 12176 --- [http-nio-8080-exec-8] m.m.a.RequestResponseBodyMethodProcessor : Writing [[com.globehopper.models.Capital@a0308ee, com.globehopper.models.Capital@d06490, com.globehopper.mode (truncated)...]
2021-07-28 08:00:54.056 DEBUG 12176 --- [http-nio-8080-exec-8] o.s.web.servlet.DispatcherServlet        : Completed 200 OK
2021-07-28 08:15:15.080 DEBUG 12176 --- [http-nio-8080-exec-10] o.s.web.servlet.DispatcherServlet        : GET "/capital/readall", parameters={}
2021-07-28 08:15:15.081 DEBUG 12176 --- [http-nio-8080-exec-10] s.w.s.m.m.a.RequestMappingHandlerMapping : Mapped to com.globehopper.controllers.CapitalController#getCapitals()
2021-07-28 08:15:15.082  INFO 12176 --- [http-nio-8080-exec-10] c.g.controllers.CityController           : ***Test 1 reading all capitals 
2021-07-28 08:15:15.092 DEBUG 12176 --- [http-nio-8080-exec-10] m.m.a.RequestResponseBodyMethodProcessor : Using 'application/json', given [*/*] and supported [application/json, application/*+json, application/json, application/*+json]
2021-07-28 08:15:15.092 DEBUG 12176 --- [http-nio-8080-exec-10] m.m.a.RequestResponseBodyMethodProcessor : Writing [[com.globehopper.models.Capital@26a51c6f, com.globehopper.models.Capital@651ba276, com.globehopper.m (truncated)...]
2021-07-28 08:15:15.101 DEBUG 12176 --- [http-nio-8080-exec-10] o.s.web.servlet.DispatcherServlet        : Completed 200 OK
2021-07-28 08:17:47.707 DEBUG 12176 --- [http-nio-8080-exec-2] o.s.web.servlet.DispatcherServlet        : GET "/capital/readall", parameters={}
2021-07-28 08:17:47.707 DEBUG 12176 --- [http-nio-8080-exec-2] s.w.s.m.m.a.RequestMappingHandlerMapping : Mapped to com.globehopper.controllers.CapitalController#getCapitals()
2021-07-28 08:17:47.708  INFO 12176 --- [http-nio-8080-exec-2] c.g.controllers.CityController           : ***Test 1 reading all capitals 
2021-07-28 08:17:47.718 DEBUG 12176 --- [http-nio-8080-exec-2] m.m.a.RequestResponseBodyMethodProcessor : Using 'application/json', given [*/*] and supported [application/json, application/*+json, application/json, application/*+json]
2021-07-28 08:17:47.718 DEBUG 12176 --- [http-nio-8080-exec-2] m.m.a.RequestResponseBodyMethodProcessor : Writing [[com.globehopper.models.Capital@1a9bdb5a, com.globehopper.models.Capital@468b4979, com.globehopper.m (truncated)...]
2021-07-28 08:17:47.720 DEBUG 12176 --- [http-nio-8080-exec-2] o.s.web.servlet.DispatcherServlet        : Completed 200 OK
2021-07-28 08:17:50.316 DEBUG 12176 --- [http-nio-8080-exec-3] o.s.web.servlet.DispatcherServlet        : GET "/capital/readall", parameters={}
2021-07-28 08:17:50.316 DEBUG 12176 --- [http-nio-8080-exec-3] s.w.s.m.m.a.RequestMappingHandlerMapping : Mapped to com.globehopper.controllers.CapitalController#getCapitals()
2021-07-28 08:17:50.317  INFO 12176 --- [http-nio-8080-exec-3] c.g.controllers.CityController           : ***Test 1 reading all capitals 
2021-07-28 08:17:50.326 DEBUG 12176 --- [http-nio-8080-exec-3] m.m.a.RequestResponseBodyMethodProcessor : Using 'application/json', given [*/*] and supported [application/json, application/*+json, application/json, application/*+json]
2021-07-28 08:17:50.326 DEBUG 12176 --- [http-nio-8080-exec-3] m.m.a.RequestResponseBodyMethodProcessor : Writing [[com.globehopper.models.Capital@2f4c94c6, com.globehopper.models.Capital@4908be8, com.globehopper.mo (truncated)...]
2021-07-28 08:17:50.331 DEBUG 12176 --- [http-nio-8080-exec-3] o.s.web.servlet.DispatcherServlet        : Completed 200 OK
2021-07-28 08:18:15.059 DEBUG 12176 --- [http-nio-8080-exec-4] o.s.web.servlet.DispatcherServlet        : GET "/capital/readall", parameters={}
2021-07-28 08:18:15.059 DEBUG 12176 --- [http-nio-8080-exec-4] s.w.s.m.m.a.RequestMappingHandlerMapping : Mapped to com.globehopper.controllers.CapitalController#getCapitals()
2021-07-28 08:18:15.060  INFO 12176 --- [http-nio-8080-exec-4] c.g.controllers.CityController           : ***Test 1 reading all capitals 
2021-07-28 08:18:15.065 DEBUG 12176 --- [http-nio-8080-exec-4] m.m.a.RequestResponseBodyMethodProcessor : Using 'application/json', given [*/*] and supported [application/json, application/*+json, application/json, application/*+json]
2021-07-28 08:18:15.065 DEBUG 12176 --- [http-nio-8080-exec-4] m.m.a.RequestResponseBodyMethodProcessor : Writing [[com.globehopper.models.Capital@539ded54, com.globehopper.models.Capital@4a0ea24b, com.globehopper.m (truncated)...]
2021-07-28 08:18:15.067 DEBUG 12176 --- [http-nio-8080-exec-4] o.s.web.servlet.DispatcherServlet        : Completed 200 OK
2021-07-28 08:18:17.913 DEBUG 12176 --- [http-nio-8080-exec-5] o.s.web.servlet.DispatcherServlet        : GET "/capital/readall", parameters={}
2021-07-28 08:18:17.914 DEBUG 12176 --- [http-nio-8080-exec-5] s.w.s.m.m.a.RequestMappingHandlerMapping : Mapped to com.globehopper.controllers.CapitalController#getCapitals()
2021-07-28 08:18:17.915  INFO 12176 --- [http-nio-8080-exec-5] c.g.controllers.CityController           : ***Test 1 reading all capitals 
2021-07-28 08:18:17.922 DEBUG 12176 --- [http-nio-8080-exec-5] m.m.a.RequestResponseBodyMethodProcessor : Using 'application/json', given [*/*] and supported [application/json, application/*+json, application/json, application/*+json]
2021-07-28 08:18:17.923 DEBUG 12176 --- [http-nio-8080-exec-5] m.m.a.RequestResponseBodyMethodProcessor : Writing [[com.globehopper.models.Capital@329e47bd, com.globehopper.models.Capital@6755f152, com.globehopper.m (truncated)...]
2021-07-28 08:18:17.925 DEBUG 12176 --- [http-nio-8080-exec-5] o.s.web.servlet.DispatcherServlet        : Completed 200 OK
2021-07-28 08:21:15.900 DEBUG 12176 --- [http-nio-8080-exec-7] o.s.web.servlet.DispatcherServlet        : GET "/capital/readall", parameters={}
2021-07-28 08:21:15.900 DEBUG 12176 --- [http-nio-8080-exec-7] s.w.s.m.m.a.RequestMappingHandlerMapping : Mapped to com.globehopper.controllers.CapitalController#getCapitals()
2021-07-28 08:21:15.901  INFO 12176 --- [http-nio-8080-exec-7] c.g.controllers.CityController           : ***Test 1 reading all capitals 
2021-07-28 08:21:15.912 DEBUG 12176 --- [http-nio-8080-exec-7] m.m.a.RequestResponseBodyMethodProcessor : Using 'application/json', given [*/*] and supported [application/json, application/*+json, application/json, application/*+json]
2021-07-28 08:21:15.912 DEBUG 12176 --- [http-nio-8080-exec-7] m.m.a.RequestResponseBodyMethodProcessor : Writing [[com.globehopper.models.Capital@104e78fe, com.globehopper.models.Capital@6b3bfb3b, com.globehopper.m (truncated)...]
2021-07-28 08:21:15.916 DEBUG 12176 --- [http-nio-8080-exec-7] o.s.web.servlet.DispatcherServlet        : Completed 200 OK
2021-07-28 08:22:06.295 DEBUG 12176 --- [http-nio-8080-exec-8] o.s.web.servlet.DispatcherServlet        : GET "/capital/readall", parameters={}
2021-07-28 08:22:06.296 DEBUG 12176 --- [http-nio-8080-exec-8] s.w.s.m.m.a.RequestMappingHandlerMapping : Mapped to com.globehopper.controllers.CapitalController#getCapitals()
2021-07-28 08:22:06.296  INFO 12176 --- [http-nio-8080-exec-8] c.g.controllers.CityController           : ***Test 1 reading all capitals 
2021-07-28 08:22:06.311 DEBUG 12176 --- [http-nio-8080-exec-8] m.m.a.RequestResponseBodyMethodProcessor : Using 'application/json', given [*/*] and supported [application/json, application/*+json, application/json, application/*+json]
2021-07-28 08:22:06.312 DEBUG 12176 --- [http-nio-8080-exec-8] m.m.a.RequestResponseBodyMethodProcessor : Writing [[com.globehopper.models.Capital@49195b28, com.globehopper.models.Capital@2d8512e7, com.globehopper.m (truncated)...]
2021-07-28 08:22:06.326 DEBUG 12176 --- [http-nio-8080-exec-8] o.s.web.servlet.DispatcherServlet        : Completed 200 OK
2021-07-28 08:22:08.674 DEBUG 12176 --- [http-nio-8080-exec-9] o.s.web.servlet.DispatcherServlet        : GET "/capital/readall", parameters={}
2021-07-28 08:22:08.674 DEBUG 12176 --- [http-nio-8080-exec-9] s.w.s.m.m.a.RequestMappingHandlerMapping : Mapped to com.globehopper.controllers.CapitalController#getCapitals()
2021-07-28 08:22:08.675  INFO 12176 --- [http-nio-8080-exec-9] c.g.controllers.CityController           : ***Test 1 reading all capitals 
2021-07-28 08:22:08.688 DEBUG 12176 --- [http-nio-8080-exec-9] m.m.a.RequestResponseBodyMethodProcessor : Using 'application/json', given [*/*] and supported [application/json, application/*+json, application/json, application/*+json]
2021-07-28 08:22:08.689 DEBUG 12176 --- [http-nio-8080-exec-9] m.m.a.RequestResponseBodyMethodProcessor : Writing [[com.globehopper.models.Capital@674aba55, com.globehopper.models.Capital@4d08c5af, com.globehopper.m (truncated)...]
2021-07-28 08:22:08.695 DEBUG 12176 --- [http-nio-8080-exec-9] o.s.web.servlet.DispatcherServlet        : Completed 200 OK
2021-07-28 08:22:36.060 DEBUG 12176 --- [http-nio-8080-exec-10] o.s.web.servlet.DispatcherServlet        : GET "/capital/readall", parameters={}
2021-07-28 08:22:36.060 DEBUG 12176 --- [http-nio-8080-exec-10] s.w.s.m.m.a.RequestMappingHandlerMapping : Mapped to com.globehopper.controllers.CapitalController#getCapitals()
2021-07-28 08:22:36.061  INFO 12176 --- [http-nio-8080-exec-10] c.g.controllers.CityController           : ***Test 1 reading all capitals 
2021-07-28 08:22:36.070 DEBUG 12176 --- [http-nio-8080-exec-10] m.m.a.RequestResponseBodyMethodProcessor : Using 'application/json', given [*/*] and supported [application/json, application/*+json, application/json, application/*+json]
2021-07-28 08:22:36.071 DEBUG 12176 --- [http-nio-8080-exec-10] m.m.a.RequestResponseBodyMethodProcessor : Writing [[com.globehopper.models.Capital@4e2991a1, com.globehopper.models.Capital@d5c0eee, com.globehopper.mo (truncated)...]
2021-07-28 08:22:36.078 DEBUG 12176 --- [http-nio-8080-exec-10] o.s.web.servlet.DispatcherServlet        : Completed 200 OK
2021-07-28 08:23:15.074 DEBUG 12176 --- [http-nio-8080-exec-1] o.s.web.servlet.DispatcherServlet        : GET "/capital/readall", parameters={}
2021-07-28 08:23:15.075 DEBUG 12176 --- [http-nio-8080-exec-1] s.w.s.m.m.a.RequestMappingHandlerMapping : Mapped to com.globehopper.controllers.CapitalController#getCapitals()
2021-07-28 08:23:15.076  INFO 12176 --- [http-nio-8080-exec-1] c.g.controllers.CityController           : ***Test 1 reading all capitals 
2021-07-28 08:23:15.087 DEBUG 12176 --- [http-nio-8080-exec-1] m.m.a.RequestResponseBodyMethodProcessor : Using 'application/json', given [*/*] and supported [application/json, application/*+json, application/json, application/*+json]
2021-07-28 08:23:15.087 DEBUG 12176 --- [http-nio-8080-exec-1] m.m.a.RequestResponseBodyMethodProcessor : Writing [[com.globehopper.models.Capital@1ef6cc4b, com.globehopper.models.Capital@2608512b, com.globehopper.m (truncated)...]
2021-07-28 08:23:15.089 DEBUG 12176 --- [http-nio-8080-exec-1] o.s.web.servlet.DispatcherServlet        : Completed 200 OK
2021-07-28 08:23:34.828 DEBUG 12176 --- [http-nio-8080-exec-2] o.s.web.servlet.DispatcherServlet        : GET "/capital/readall", parameters={}
2021-07-28 08:23:34.829 DEBUG 12176 --- [http-nio-8080-exec-2] s.w.s.m.m.a.RequestMappingHandlerMapping : Mapped to com.globehopper.controllers.CapitalController#getCapitals()
2021-07-28 08:23:34.832  INFO 12176 --- [http-nio-8080-exec-2] c.g.controllers.CityController           : ***Test 1 reading all capitals 
2021-07-28 08:23:34.845 DEBUG 12176 --- [http-nio-8080-exec-2] m.m.a.RequestResponseBodyMethodProcessor : Using 'application/json', given [*/*] and supported [application/json, application/*+json, application/json, application/*+json]
2021-07-28 08:23:34.846 DEBUG 12176 --- [http-nio-8080-exec-2] m.m.a.RequestResponseBodyMethodProcessor : Writing [[com.globehopper.models.Capital@10ca92c4, com.globehopper.models.Capital@4cccf758, com.globehopper.m (truncated)...]
2021-07-28 08:23:34.848 DEBUG 12176 --- [http-nio-8080-exec-2] o.s.web.servlet.DispatcherServlet        : Completed 200 OK
2021-07-28 08:27:45.067 DEBUG 12176 --- [http-nio-8080-exec-4] o.s.web.servlet.DispatcherServlet        : GET "/capital/readall", parameters={}
2021-07-28 08:27:45.068 DEBUG 12176 --- [http-nio-8080-exec-4] s.w.s.m.m.a.RequestMappingHandlerMapping : Mapped to com.globehopper.controllers.CapitalController#getCapitals()
2021-07-28 08:27:45.069  INFO 12176 --- [http-nio-8080-exec-4] c.g.controllers.CityController           : ***Test 1 reading all capitals 
2021-07-28 08:27:45.075 DEBUG 12176 --- [http-nio-8080-exec-4] m.m.a.RequestResponseBodyMethodProcessor : Using 'application/json', given [*/*] and supported [application/json, application/*+json, application/json, application/*+json]
2021-07-28 08:27:45.075 DEBUG 12176 --- [http-nio-8080-exec-4] m.m.a.RequestResponseBodyMethodProcessor : Writing [[com.globehopper.models.Capital@7cbf5820, com.globehopper.models.Capital@305459f2, com.globehopper.m (truncated)...]
2021-07-28 08:27:45.077 DEBUG 12176 --- [http-nio-8080-exec-4] o.s.web.servlet.DispatcherServlet        : Completed 200 OK
2021-07-28 08:33:24.075 DEBUG 12176 --- [http-nio-8080-exec-6] o.s.web.servlet.DispatcherServlet        : GET "/capital/readall", parameters={}
2021-07-28 08:33:24.076 DEBUG 12176 --- [http-nio-8080-exec-6] s.w.s.m.m.a.RequestMappingHandlerMapping : Mapped to com.globehopper.controllers.CapitalController#getCapitals()
2021-07-28 08:33:24.076  INFO 12176 --- [http-nio-8080-exec-6] c.g.controllers.CityController           : ***Test 1 reading all capitals 
2021-07-28 08:33:24.082 DEBUG 12176 --- [http-nio-8080-exec-6] m.m.a.RequestResponseBodyMethodProcessor : Using 'application/json', given [*/*] and supported [application/json, application/*+json, application/json, application/*+json]
2021-07-28 08:33:24.083 DEBUG 12176 --- [http-nio-8080-exec-6] m.m.a.RequestResponseBodyMethodProcessor : Writing [[com.globehopper.models.Capital@3c61f101, com.globehopper.models.Capital@3f31e317, com.globehopper.m (truncated)...]
2021-07-28 08:33:24.084 DEBUG 12176 --- [http-nio-8080-exec-6] o.s.web.servlet.DispatcherServlet        : Completed 200 OK
2021-07-28 08:36:48.985 DEBUG 12176 --- [http-nio-8080-exec-8] o.s.web.servlet.DispatcherServlet        : GET "/capital/readall", parameters={}
2021-07-28 08:36:48.985 DEBUG 12176 --- [http-nio-8080-exec-8] s.w.s.m.m.a.RequestMappingHandlerMapping : Mapped to com.globehopper.controllers.CapitalController#getCapitals()
2021-07-28 08:36:48.988  INFO 12176 --- [http-nio-8080-exec-8] c.g.controllers.CityController           : ***Test 1 reading all capitals 
2021-07-28 08:36:48.996 DEBUG 12176 --- [http-nio-8080-exec-8] m.m.a.RequestResponseBodyMethodProcessor : Using 'application/json', given [*/*] and supported [application/json, application/*+json, application/json, application/*+json]
2021-07-28 08:36:48.996 DEBUG 12176 --- [http-nio-8080-exec-8] m.m.a.RequestResponseBodyMethodProcessor : Writing [[com.globehopper.models.Capital@49bafc27, com.globehopper.models.Capital@4e737cc0, com.globehopper.m (truncated)...]
2021-07-28 08:36:48.998 DEBUG 12176 --- [http-nio-8080-exec-8] o.s.web.servlet.DispatcherServlet        : Completed 200 OK
2021-07-28 08:38:14.073 DEBUG 12176 --- [http-nio-8080-exec-10] o.s.web.servlet.DispatcherServlet        : GET "/country/readall", parameters={}
2021-07-28 08:38:14.073 DEBUG 12176 --- [http-nio-8080-exec-10] s.w.s.m.m.a.RequestMappingHandlerMapping : Mapped to com.globehopper.controllers.CountryController#getCountries()
2021-07-28 08:38:14.074 DEBUG 12176 --- [http-nio-8080-exec-1] o.s.web.servlet.DispatcherServlet        : GET "/capital/readall", parameters={}
2021-07-28 08:38:14.074 DEBUG 12176 --- [http-nio-8080-exec-1] s.w.s.m.m.a.RequestMappingHandlerMapping : Mapped to com.globehopper.controllers.CapitalController#getCapitals()
2021-07-28 08:38:14.075  INFO 12176 --- [http-nio-8080-exec-1] c.g.controllers.CityController           : ***Test 1 reading all capitals 
2021-07-28 08:38:14.075  INFO 12176 --- [http-nio-8080-exec-10] c.g.controllers.CountryController        : ***reading all countries 
2021-07-28 08:38:14.081 DEBUG 12176 --- [http-nio-8080-exec-1] m.m.a.RequestResponseBodyMethodProcessor : Using 'application/json', given [*/*] and supported [application/json, application/*+json, application/json, application/*+json]
2021-07-28 08:38:14.081 DEBUG 12176 --- [http-nio-8080-exec-1] m.m.a.RequestResponseBodyMethodProcessor : Writing [[com.globehopper.models.Capital@2591be83, com.globehopper.models.Capital@70a2f035, com.globehopper.m (truncated)...]
2021-07-28 08:38:14.083 DEBUG 12176 --- [http-nio-8080-exec-1] o.s.web.servlet.DispatcherServlet        : Completed 200 OK
2021-07-28 08:38:14.096 DEBUG 12176 --- [http-nio-8080-exec-10] m.m.a.RequestResponseBodyMethodProcessor : Using 'application/json', given [*/*] and supported [application/json, application/*+json, application/json, application/*+json]
2021-07-28 08:38:14.097 DEBUG 12176 --- [http-nio-8080-exec-10] m.m.a.RequestResponseBodyMethodProcessor : Writing [[com.globehopper.models.Country@4dd700e1, com.globehopper.models.Country@cd8cd13, com.globehopper.mo (truncated)...]
2021-07-28 08:38:14.107 DEBUG 12176 --- [http-nio-8080-exec-10] o.s.web.servlet.DispatcherServlet        : Completed 200 OK
2021-07-28 08:40:11.090 DEBUG 12176 --- [http-nio-8080-exec-4] o.s.web.servlet.DispatcherServlet        : GET "/city/readall", parameters={}
2021-07-28 08:40:11.090 DEBUG 12176 --- [http-nio-8080-exec-4] s.w.s.m.m.a.RequestMappingHandlerMapping : Mapped to com.globehopper.controllers.CityController#getCities()
2021-07-28 08:40:11.092  INFO 12176 --- [http-nio-8080-exec-4] c.g.controllers.CityController           : ***reading all cities 
2021-07-28 08:40:11.142 DEBUG 12176 --- [http-nio-8080-exec-4] m.m.a.RequestResponseBodyMethodProcessor : Using 'application/json', given [*/*] and supported [application/json, application/*+json, application/json, application/*+json]
2021-07-28 08:40:11.145 DEBUG 12176 --- [http-nio-8080-exec-4] m.m.a.RequestResponseBodyMethodProcessor : Writing [[com.globehopper.models.City@41db27c8, com.globehopper.models.City@7398faa, com.globehopper.models.C (truncated)...]
2021-07-28 08:40:11.164 DEBUG 12176 --- [http-nio-8080-exec-4] o.s.web.servlet.DispatcherServlet        : Completed 200 OK
2021-07-28 08:40:53.479 DEBUG 12176 --- [http-nio-8080-exec-5] o.s.web.servlet.DispatcherServlet        : GET "/country/readall", parameters={}
2021-07-28 08:40:53.480 DEBUG 12176 --- [http-nio-8080-exec-5] s.w.s.m.m.a.RequestMappingHandlerMapping : Mapped to com.globehopper.controllers.CountryController#getCountries()
2021-07-28 08:40:53.480 DEBUG 12176 --- [http-nio-8080-exec-6] o.s.web.servlet.DispatcherServlet        : GET "/capital/readall", parameters={}
2021-07-28 08:40:53.480 DEBUG 12176 --- [http-nio-8080-exec-6] s.w.s.m.m.a.RequestMappingHandlerMapping : Mapped to com.globehopper.controllers.CapitalController#getCapitals()
2021-07-28 08:40:53.481 DEBUG 12176 --- [http-nio-8080-exec-7] o.s.web.servlet.DispatcherServlet        : GET "/city/readall", parameters={}
2021-07-28 08:40:53.481  INFO 12176 --- [http-nio-8080-exec-5] c.g.controllers.CountryController        : ***reading all countries 
2021-07-28 08:40:53.481 DEBUG 12176 --- [http-nio-8080-exec-7] s.w.s.m.m.a.RequestMappingHandlerMapping : Mapped to com.globehopper.controllers.CityController#getCities()
2021-07-28 08:40:53.481  INFO 12176 --- [http-nio-8080-exec-6] c.g.controllers.CityController           : ***Test 1 reading all capitals 
2021-07-28 08:40:53.482  INFO 12176 --- [http-nio-8080-exec-7] c.g.controllers.CityController           : ***reading all cities 
2021-07-28 08:40:53.488 DEBUG 12176 --- [http-nio-8080-exec-6] m.m.a.RequestResponseBodyMethodProcessor : Using 'application/json', given [*/*] and supported [application/json, application/*+json, application/json, application/*+json]
2021-07-28 08:40:53.489 DEBUG 12176 --- [http-nio-8080-exec-6] m.m.a.RequestResponseBodyMethodProcessor : Writing [[com.globehopper.models.Capital@1d9f1018, com.globehopper.models.Capital@4d6262fa, com.globehopper.m (truncated)...]
2021-07-28 08:40:53.491 DEBUG 12176 --- [http-nio-8080-exec-6] o.s.web.servlet.DispatcherServlet        : Completed 200 OK
2021-07-28 08:40:53.491 DEBUG 12176 --- [http-nio-8080-exec-5] m.m.a.RequestResponseBodyMethodProcessor : Using 'application/json', given [*/*] and supported [application/json, application/*+json, application/json, application/*+json]
2021-07-28 08:40:53.492 DEBUG 12176 --- [http-nio-8080-exec-5] m.m.a.RequestResponseBodyMethodProcessor : Writing [[com.globehopper.models.Country@bfa8a77, com.globehopper.models.Country@38a6c38e, com.globehopper.mo (truncated)...]
2021-07-28 08:40:53.494 DEBUG 12176 --- [http-nio-8080-exec-5] o.s.web.servlet.DispatcherServlet        : Completed 200 OK
2021-07-28 08:40:53.520 DEBUG 12176 --- [http-nio-8080-exec-7] m.m.a.RequestResponseBodyMethodProcessor : Using 'application/json', given [*/*] and supported [application/json, application/*+json, application/json, application/*+json]
2021-07-28 08:40:53.522 DEBUG 12176 --- [http-nio-8080-exec-7] m.m.a.RequestResponseBodyMethodProcessor : Writing [[com.globehopper.models.City@185fd680, com.globehopper.models.City@405accbd, com.globehopper.models. (truncated)...]
2021-07-28 08:40:53.538 DEBUG 12176 --- [http-nio-8080-exec-7] o.s.web.servlet.DispatcherServlet        : Completed 200 OK
2021-07-28 08:57:11.843 DEBUG 12176 --- [http-nio-8080-exec-10] o.s.web.servlet.DispatcherServlet        : GET "/", parameters={}
2021-07-28 08:57:11.861 DEBUG 12176 --- [http-nio-8080-exec-10] o.s.w.s.v.ContentNegotiatingViewResolver : Selected 'text/html' given [text/html, application/xhtml+xml, image/avif, image/webp, image/apng, application/xml;q=0.9, application/signed-exchange;v=b3;q=0.9, */*;q=0.8]
2021-07-28 08:57:12.009 DEBUG 12176 --- [http-nio-8080-exec-10] o.s.web.servlet.DispatcherServlet        : Completed 200 OK
2021-07-28 08:57:12.039 DEBUG 12176 --- [http-nio-8080-exec-3] o.s.web.servlet.DispatcherServlet        : GET "/favicon.ico", parameters={}
2021-07-28 08:57:12.040 DEBUG 12176 --- [http-nio-8080-exec-3] o.s.w.s.handler.SimpleUrlHandlerMapping  : Mapped to ResourceHttpRequestHandler [Classpath [META-INF/resources/], Classpath [resources/], Classpath [static/], Classpath [public/], ServletContext [/]]
2021-07-28 08:57:12.045 DEBUG 12176 --- [http-nio-8080-exec-3] o.s.w.s.r.ResourceHttpRequestHandler     : Resource not found
2021-07-28 08:57:12.045 DEBUG 12176 --- [http-nio-8080-exec-3] o.s.web.servlet.DispatcherServlet        : Completed 404 NOT_FOUND
2021-07-28 08:57:12.049 DEBUG 12176 --- [http-nio-8080-exec-3] o.s.web.servlet.DispatcherServlet        : "ERROR" dispatch for GET "/error", parameters={}
2021-07-28 08:57:12.051 DEBUG 12176 --- [http-nio-8080-exec-3] s.w.s.m.m.a.RequestMappingHandlerMapping : Mapped to org.springframework.boot.autoconfigure.web.servlet.error.BasicErrorController#error(HttpServletRequest)
2021-07-28 08:57:12.066 DEBUG 12176 --- [http-nio-8080-exec-3] o.s.w.s.m.m.a.HttpEntityMethodProcessor  : Using 'application/json;q=0.8', given [image/avif, image/webp, image/apng, image/svg+xml, image/*, */*;q=0.8] and supported [application/json, application/*+json, application/json, application/*+json]
2021-07-28 08:57:12.066 DEBUG 12176 --- [http-nio-8080-exec-3] o.s.w.s.m.m.a.HttpEntityMethodProcessor  : Writing [{timestamp=Wed Jul 28 08:57:12 EDT 2021, status=404, error=Not Found, message=No message available,  (truncated)...]
2021-07-28 08:57:12.083 DEBUG 12176 --- [http-nio-8080-exec-3] o.s.web.servlet.DispatcherServlet        : Exiting from "ERROR" dispatch, status 404
2021-07-28 08:57:22.078 DEBUG 12176 --- [http-nio-8080-exec-2] o.s.web.servlet.DispatcherServlet        : GET "/country/readall", parameters={}
2021-07-28 08:57:22.078 DEBUG 12176 --- [http-nio-8080-exec-2] s.w.s.m.m.a.RequestMappingHandlerMapping : Mapped to com.globehopper.controllers.CountryController#getCountries()
2021-07-28 08:57:22.079  INFO 12176 --- [http-nio-8080-exec-2] c.g.controllers.CountryController        : ***reading all countries 
2021-07-28 08:57:22.079 DEBUG 12176 --- [http-nio-8080-exec-4] o.s.web.servlet.DispatcherServlet        : GET "/capital/readall", parameters={}
2021-07-28 08:57:22.079 DEBUG 12176 --- [http-nio-8080-exec-4] s.w.s.m.m.a.RequestMappingHandlerMapping : Mapped to com.globehopper.controllers.CapitalController#getCapitals()
2021-07-28 08:57:22.080  INFO 12176 --- [http-nio-8080-exec-4] c.g.controllers.CityController           : ***Test 1 reading all capitals 
2021-07-28 08:57:22.084 DEBUG 12176 --- [http-nio-8080-exec-6] o.s.web.servlet.DispatcherServlet        : GET "/city/readall", parameters={}
2021-07-28 08:57:22.084 DEBUG 12176 --- [http-nio-8080-exec-6] s.w.s.m.m.a.RequestMappingHandlerMapping : Mapped to com.globehopper.controllers.CityController#getCities()
2021-07-28 08:57:22.085  INFO 12176 --- [http-nio-8080-exec-6] c.g.controllers.CityController           : ***reading all cities 
2021-07-28 08:57:22.087 DEBUG 12176 --- [http-nio-8080-exec-4] m.m.a.RequestResponseBodyMethodProcessor : Using 'application/json', given [*/*] and supported [application/json, application/*+json, application/json, application/*+json]
2021-07-28 08:57:22.087 DEBUG 12176 --- [http-nio-8080-exec-4] m.m.a.RequestResponseBodyMethodProcessor : Writing [[com.globehopper.models.Capital@e7ae967, com.globehopper.models.Capital@15c13ebe, com.globehopper.mo (truncated)...]
2021-07-28 08:57:22.090 DEBUG 12176 --- [http-nio-8080-exec-4] o.s.web.servlet.DispatcherServlet        : Completed 200 OK
2021-07-28 08:57:22.091 DEBUG 12176 --- [http-nio-8080-exec-2] m.m.a.RequestResponseBodyMethodProcessor : Using 'application/json', given [*/*] and supported [application/json, application/*+json, application/json, application/*+json]
2021-07-28 08:57:22.092 DEBUG 12176 --- [http-nio-8080-exec-2] m.m.a.RequestResponseBodyMethodProcessor : Writing [[com.globehopper.models.Country@429c4a05, com.globehopper.models.Country@5414e8a5, com.globehopper.m (truncated)...]
2021-07-28 08:57:22.096 DEBUG 12176 --- [http-nio-8080-exec-2] o.s.web.servlet.DispatcherServlet        : Completed 200 OK
2021-07-28 08:57:22.136 DEBUG 12176 --- [http-nio-8080-exec-6] m.m.a.RequestResponseBodyMethodProcessor : Using 'application/json', given [*/*] and supported [application/json, application/*+json, application/json, application/*+json]
2021-07-28 08:57:22.139 DEBUG 12176 --- [http-nio-8080-exec-6] m.m.a.RequestResponseBodyMethodProcessor : Writing [[com.globehopper.models.City@18b608a2, com.globehopper.models.City@1bc6bccd, com.globehopper.models. (truncated)...]
2021-07-28 08:57:22.157 DEBUG 12176 --- [http-nio-8080-exec-6] o.s.web.servlet.DispatcherServlet        : Completed 200 OK
2021-07-28 09:32:28.108  INFO 12176 --- [RMI TCP Connection(2)-127.0.0.1] inMXBeanRegistrar$SpringApplicationAdmin : Application shutdown requested.
2021-07-28 09:32:28.172  INFO 12176 --- [RMI TCP Connection(2)-127.0.0.1] j.LocalContainerEntityManagerFactoryBean : Closing JPA EntityManagerFactory for persistence unit 'default'
2021-07-28 09:32:28.181  INFO 12176 --- [RMI TCP Connection(2)-127.0.0.1] com.zaxxer.hikari.HikariDataSource       : HikariPool-1 - Shutdown initiated...
2021-07-28 09:32:28.190  INFO 12176 --- [RMI TCP Connection(2)-127.0.0.1] com.zaxxer.hikari.HikariDataSource       : HikariPool-1 - Shutdown completed.
2021-07-28 10:45:44.078  INFO 10896 --- [restartedMain] com.globehopper.CountryApp14Application  : Starting CountryApp14Application using Java 15.0.2 on LTUS145825 with PID 10896 (C:\Users\938971\Workspace\eclipse\workspace\CountryApp14\target\classes started by 938971 in C:\Users\938971\Workspace\eclipse\workspace\CountryApp14)
2021-07-28 10:45:44.088  INFO 10896 --- [restartedMain] com.globehopper.CountryApp14Application  : No active profile set, falling back to default profiles: default
2021-07-28 10:45:44.230  INFO 10896 --- [restartedMain] .e.DevToolsPropertyDefaultsPostProcessor : Devtools property defaults active! Set 'spring.devtools.add-properties' to 'false' to disable
2021-07-28 10:45:46.159  INFO 10896 --- [restartedMain] .s.d.r.c.RepositoryConfigurationDelegate : Bootstrapping Spring Data JPA repositories in DEFAULT mode.
2021-07-28 10:45:46.321  INFO 10896 --- [restartedMain] .s.d.r.c.RepositoryConfigurationDelegate : Finished Spring Data repository scanning in 143 ms. Found 3 JPA repository interfaces.
2021-07-28 10:45:47.530  INFO 10896 --- [restartedMain] o.s.b.w.embedded.tomcat.TomcatWebServer  : Tomcat initialized with port(s): 8080 (http)
2021-07-28 10:45:47.553  INFO 10896 --- [restartedMain] o.apache.catalina.core.StandardService   : Starting service [Tomcat]
2021-07-28 10:45:47.554  INFO 10896 --- [restartedMain] org.apache.catalina.core.StandardEngine  : Starting Servlet engine: [Apache Tomcat/9.0.46]
2021-07-28 10:45:47.766  INFO 10896 --- [restartedMain] o.a.c.c.C.[Tomcat].[localhost].[/]       : Initializing Spring embedded WebApplicationContext
2021-07-28 10:45:47.766  INFO 10896 --- [restartedMain] w.s.c.ServletWebServerApplicationContext : Root WebApplicationContext: initialization completed in 3530 ms
2021-07-28 10:45:47.792 DEBUG 10896 --- [restartedMain] o.s.b.w.s.ServletContextInitializerBeans : Mapping filters: characterEncodingFilter urls=[/*] order=-2147483648, formContentFilter urls=[/*] order=-9900, requestContextFilter urls=[/*] order=-105
2021-07-28 10:45:47.792 DEBUG 10896 --- [restartedMain] o.s.b.w.s.ServletContextInitializerBeans : Mapping servlets: dispatcherServlet urls=[/]
2021-07-28 10:45:47.936  INFO 10896 --- [restartedMain] com.zaxxer.hikari.HikariDataSource       : HikariPool-1 - Starting...
2021-07-28 10:45:48.588  INFO 10896 --- [restartedMain] com.zaxxer.hikari.HikariDataSource       : HikariPool-1 - Start completed.
2021-07-28 10:45:48.808  INFO 10896 --- [restartedMain] o.hibernate.jpa.internal.util.LogHelper  : HHH000204: Processing PersistenceUnitInfo [name: default]
2021-07-28 10:45:48.901  INFO 10896 --- [restartedMain] org.hibernate.Version                    : HHH000412: Hibernate ORM core version 5.4.32.Final
2021-07-28 10:45:49.168  INFO 10896 --- [restartedMain] o.hibernate.annotations.common.Version   : HCANN000001: Hibernate Commons Annotations {5.1.2.Final}
2021-07-28 10:45:49.394  INFO 10896 --- [restartedMain] org.hibernate.dialect.Dialect            : HHH000400: Using dialect: org.hibernate.dialect.MySQL8Dialect
2021-07-28 10:45:50.336  INFO 10896 --- [restartedMain] o.h.e.t.j.p.i.JtaPlatformInitiator       : HHH000490: Using JtaPlatform implementation: [org.hibernate.engine.transaction.jta.platform.internal.NoJtaPlatform]
2021-07-28 10:45:50.351  INFO 10896 --- [restartedMain] j.LocalContainerEntityManagerFactoryBean : Initialized JPA EntityManagerFactory for persistence unit 'default'
2021-07-28 10:45:50.791  WARN 10896 --- [restartedMain] JpaBaseConfiguration$JpaWebConfiguration : spring.jpa.open-in-view is enabled by default. Therefore, database queries may be performed during view rendering. Explicitly configure spring.jpa.open-in-view to disable this warning
2021-07-28 10:45:50.940 DEBUG 10896 --- [restartedMain] s.w.s.m.m.a.RequestMappingHandlerAdapter : ControllerAdvice beans: 0 @ModelAttribute, 0 @InitBinder, 1 RequestBodyAdvice, 1 ResponseBodyAdvice
2021-07-28 10:45:51.060 DEBUG 10896 --- [restartedMain] s.w.s.m.m.a.RequestMappingHandlerMapping : 24 mappings in 'requestMappingHandlerMapping'
2021-07-28 10:45:51.066  INFO 10896 --- [restartedMain] o.s.b.a.w.s.WelcomePageHandlerMapping    : Adding welcome page template: index
2021-07-28 10:45:51.114 DEBUG 10896 --- [restartedMain] o.s.w.s.handler.SimpleUrlHandlerMapping  : Patterns [/webjars/**, /**] in 'resourceHandlerMapping'
2021-07-28 10:45:51.130 DEBUG 10896 --- [restartedMain] .m.m.a.ExceptionHandlerExceptionResolver : ControllerAdvice beans: 0 @ExceptionHandler, 1 ResponseBodyAdvice
2021-07-28 10:45:51.319  INFO 10896 --- [restartedMain] o.s.b.d.a.OptionalLiveReloadServer       : LiveReload server is running on port 35729
2021-07-28 10:45:51.378  INFO 10896 --- [restartedMain] o.s.b.w.embedded.tomcat.TomcatWebServer  : Tomcat started on port(s): 8080 (http) with context path ''
2021-07-28 10:45:51.395  INFO 10896 --- [restartedMain] com.globehopper.CountryApp14Application  : Started CountryApp14Application in 8.11 seconds (JVM running for 9.5)
2021-07-28 10:45:51.399  INFO 10896 --- [restartedMain] com.globehopper.CountryApp14Application  : ***Kya chal raha hai? ***
2021-07-28 10:47:20.295  INFO 10896 --- [http-nio-8080-exec-2] o.a.c.c.C.[Tomcat].[localhost].[/]       : Initializing Spring DispatcherServlet 'dispatcherServlet'
2021-07-28 10:47:20.297  INFO 10896 --- [http-nio-8080-exec-2] o.s.web.servlet.DispatcherServlet        : Initializing Servlet 'dispatcherServlet'
2021-07-28 10:47:20.298 DEBUG 10896 --- [http-nio-8080-exec-2] o.s.web.servlet.DispatcherServlet        : Detected StandardServletMultipartResolver
2021-07-28 10:47:20.298 DEBUG 10896 --- [http-nio-8080-exec-2] o.s.web.servlet.DispatcherServlet        : Detected AcceptHeaderLocaleResolver
2021-07-28 10:47:20.299 DEBUG 10896 --- [http-nio-8080-exec-2] o.s.web.servlet.DispatcherServlet        : Detected FixedThemeResolver
2021-07-28 10:47:20.301 DEBUG 10896 --- [http-nio-8080-exec-2] o.s.web.servlet.DispatcherServlet        : Detected org.springframework.web.servlet.view.DefaultRequestToViewNameTranslator@eb1ef9c
2021-07-28 10:47:20.302 DEBUG 10896 --- [http-nio-8080-exec-2] o.s.web.servlet.DispatcherServlet        : Detected org.springframework.web.servlet.support.SessionFlashMapManager@54448dfc
2021-07-28 10:47:20.303 DEBUG 10896 --- [http-nio-8080-exec-2] o.s.web.servlet.DispatcherServlet        : enableLoggingRequestDetails='false': request parameters and headers will be masked to prevent unsafe logging of potentially sensitive data
2021-07-28 10:47:20.304  INFO 10896 --- [http-nio-8080-exec-2] o.s.web.servlet.DispatcherServlet        : Completed initialization in 5 ms
2021-07-28 10:47:20.339 DEBUG 10896 --- [http-nio-8080-exec-2] o.s.web.servlet.DispatcherServlet        : GET "/city/readall", parameters={}
2021-07-28 10:47:20.340 DEBUG 10896 --- [http-nio-8080-exec-1] o.s.web.servlet.DispatcherServlet        : GET "/country/readall", parameters={}
2021-07-28 10:47:20.341 DEBUG 10896 --- [http-nio-8080-exec-3] o.s.web.servlet.DispatcherServlet        : GET "/capital/readall", parameters={}
2021-07-28 10:47:20.351 DEBUG 10896 --- [http-nio-8080-exec-1] s.w.s.m.m.a.RequestMappingHandlerMapping : Mapped to com.globehopper.controllers.CountryController#getCountries()
2021-07-28 10:47:20.351 DEBUG 10896 --- [http-nio-8080-exec-3] s.w.s.m.m.a.RequestMappingHandlerMapping : Mapped to com.globehopper.controllers.CapitalController#getCapitals()
2021-07-28 10:47:20.351 DEBUG 10896 --- [http-nio-8080-exec-2] s.w.s.m.m.a.RequestMappingHandlerMapping : Mapped to com.globehopper.controllers.CityController#getCities()
2021-07-28 10:47:20.429  INFO 10896 --- [http-nio-8080-exec-3] c.g.controllers.CityController           : ***Test 1 reading all capitals 
2021-07-28 10:47:20.429  INFO 10896 --- [http-nio-8080-exec-1] c.g.controllers.CountryController        : ***reading all countries 
2021-07-28 10:47:20.429  INFO 10896 --- [http-nio-8080-exec-2] c.g.controllers.CityController           : ***reading all cities 
2021-07-28 10:47:20.871 DEBUG 10896 --- [http-nio-8080-exec-1] m.m.a.RequestResponseBodyMethodProcessor : Using 'application/json', given [*/*] and supported [application/json, application/*+json, application/json, application/*+json]
2021-07-28 10:47:20.871 DEBUG 10896 --- [http-nio-8080-exec-3] m.m.a.RequestResponseBodyMethodProcessor : Using 'application/json', given [*/*] and supported [application/json, application/*+json, application/json, application/*+json]
2021-07-28 10:47:20.873 DEBUG 10896 --- [http-nio-8080-exec-1] m.m.a.RequestResponseBodyMethodProcessor : Writing [[com.globehopper.models.Country@14ab16de, com.globehopper.models.Country@4c2ccddf, com.globehopper.m (truncated)...]
2021-07-28 10:47:20.873 DEBUG 10896 --- [http-nio-8080-exec-3] m.m.a.RequestResponseBodyMethodProcessor : Writing [[com.globehopper.models.Capital@4c66957f, com.globehopper.models.Capital@728b87b0, com.globehopper.m (truncated)...]
2021-07-28 10:47:20.959 DEBUG 10896 --- [http-nio-8080-exec-2] m.m.a.RequestResponseBodyMethodProcessor : Using 'application/json', given [*/*] and supported [application/json, application/*+json, application/json, application/*+json]
2021-07-28 10:47:20.964 DEBUG 10896 --- [http-nio-8080-exec-2] m.m.a.RequestResponseBodyMethodProcessor : Writing [[com.globehopper.models.City@65d226d6, com.globehopper.models.City@1cb09c02, com.globehopper.models. (truncated)...]
2021-07-28 10:47:20.985 DEBUG 10896 --- [http-nio-8080-exec-3] o.s.web.servlet.DispatcherServlet        : Completed 200 OK
2021-07-28 10:47:20.985 DEBUG 10896 --- [http-nio-8080-exec-1] o.s.web.servlet.DispatcherServlet        : Completed 200 OK
2021-07-28 10:47:21.011 DEBUG 10896 --- [http-nio-8080-exec-2] o.s.web.servlet.DispatcherServlet        : Completed 200 OK
2021-07-28 11:04:44.650  INFO 10896 --- [RMI TCP Connection(22)-127.0.0.1] inMXBeanRegistrar$SpringApplicationAdmin : Application shutdown requested.
2021-07-28 11:04:44.680  INFO 10896 --- [RMI TCP Connection(22)-127.0.0.1] j.LocalContainerEntityManagerFactoryBean : Closing JPA EntityManagerFactory for persistence unit 'default'
2021-07-28 11:04:44.684  INFO 10896 --- [RMI TCP Connection(22)-127.0.0.1] com.zaxxer.hikari.HikariDataSource       : HikariPool-1 - Shutdown initiated...
2021-07-28 11:04:44.693  INFO 10896 --- [RMI TCP Connection(22)-127.0.0.1] com.zaxxer.hikari.HikariDataSource       : HikariPool-1 - Shutdown completed.
