2021-08-12 20:46:53.228  INFO 2024 --- [restartedMain] com.globehopper.CountryApp14Application  : Starting CountryApp14Application using Java 11.0.10 on DESKTOP-AC0QMIT with PID 2024 (C:\Users\David\GitHubRepos\countryappbackend\CountryApp14\target\classes started by David in C:\Users\David\GitHubRepos\countryappbackend\CountryApp14)
2021-08-12 20:46:53.262  INFO 2024 --- [restartedMain] com.globehopper.CountryApp14Application  : No active profile set, falling back to default profiles: default
2021-08-12 20:46:53.533  INFO 2024 --- [restartedMain] .e.DevToolsPropertyDefaultsPostProcessor : Devtools property defaults active! Set 'spring.devtools.add-properties' to 'false' to disable
2021-08-12 20:46:54.749  INFO 2024 --- [restartedMain] .s.d.r.c.RepositoryConfigurationDelegate : Bootstrapping Spring Data JPA repositories in DEFAULT mode.
2021-08-12 20:46:54.836  INFO 2024 --- [restartedMain] .s.d.r.c.RepositoryConfigurationDelegate : Finished Spring Data repository scanning in 74 ms. Found 3 JPA repository interfaces.
2021-08-12 20:46:55.575  INFO 2024 --- [restartedMain] o.s.b.w.embedded.tomcat.TomcatWebServer  : Tomcat initialized with port(s): 8080 (http)
2021-08-12 20:46:55.593  INFO 2024 --- [restartedMain] o.apache.catalina.core.StandardService   : Starting service [Tomcat]
2021-08-12 20:46:55.594  INFO 2024 --- [restartedMain] org.apache.catalina.core.StandardEngine  : Starting Servlet engine: [Apache Tomcat/9.0.46]
2021-08-12 20:46:55.731  INFO 2024 --- [restartedMain] o.a.c.c.C.[Tomcat].[localhost].[/]       : Initializing Spring embedded WebApplicationContext
2021-08-12 20:46:55.732  INFO 2024 --- [restartedMain] w.s.c.ServletWebServerApplicationContext : Root WebApplicationContext: initialization completed in 2197 ms
2021-08-12 20:46:55.748 DEBUG 2024 --- [restartedMain] o.s.b.w.s.ServletContextInitializerBeans : Mapping filters: characterEncodingFilter urls=[/*] order=-2147483648, formContentFilter urls=[/*] order=-9900, requestContextFilter urls=[/*] order=-105
2021-08-12 20:46:55.748 DEBUG 2024 --- [restartedMain] o.s.b.w.s.ServletContextInitializerBeans : Mapping servlets: dispatcherServlet urls=[/]
2021-08-12 20:46:55.840  INFO 2024 --- [restartedMain] com.zaxxer.hikari.HikariDataSource       : HikariPool-1 - Starting...
2021-08-12 20:46:56.229  INFO 2024 --- [restartedMain] com.zaxxer.hikari.HikariDataSource       : HikariPool-1 - Start completed.
2021-08-12 20:46:56.402  INFO 2024 --- [restartedMain] o.hibernate.jpa.internal.util.LogHelper  : HHH000204: Processing PersistenceUnitInfo [name: default]
2021-08-12 20:46:56.505  INFO 2024 --- [restartedMain] org.hibernate.Version                    : HHH000412: Hibernate ORM core version 5.4.32.Final
2021-08-12 20:46:56.714  INFO 2024 --- [restartedMain] o.hibernate.annotations.common.Version   : HCANN000001: Hibernate Commons Annotations {5.1.2.Final}
2021-08-12 20:46:56.901  INFO 2024 --- [restartedMain] org.hibernate.dialect.Dialect            : HHH000400: Using dialect: org.hibernate.dialect.MySQL8Dialect
2021-08-12 20:46:57.736  INFO 2024 --- [restartedMain] o.h.e.t.j.p.i.JtaPlatformInitiator       : HHH000490: Using JtaPlatform implementation: [org.hibernate.engine.transaction.jta.platform.internal.NoJtaPlatform]
2021-08-12 20:46:57.758  INFO 2024 --- [restartedMain] j.LocalContainerEntityManagerFactoryBean : Initialized JPA EntityManagerFactory for persistence unit 'default'
2021-08-12 20:46:58.246  WARN 2024 --- [restartedMain] JpaBaseConfiguration$JpaWebConfiguration : spring.jpa.open-in-view is enabled by default. Therefore, database queries may be performed during view rendering. Explicitly configure spring.jpa.open-in-view to disable this warning
2021-08-12 20:46:58.377 DEBUG 2024 --- [restartedMain] s.w.s.m.m.a.RequestMappingHandlerAdapter : ControllerAdvice beans: 0 @ModelAttribute, 0 @InitBinder, 1 RequestBodyAdvice, 1 ResponseBodyAdvice
2021-08-12 20:46:58.475 DEBUG 2024 --- [restartedMain] s.w.s.m.m.a.RequestMappingHandlerMapping : 23 mappings in 'requestMappingHandlerMapping'
2021-08-12 20:46:58.515 DEBUG 2024 --- [restartedMain] o.s.w.s.handler.SimpleUrlHandlerMapping  : Patterns [/webjars/**, /**] in 'resourceHandlerMapping'
2021-08-12 20:46:58.527 DEBUG 2024 --- [restartedMain] .m.m.a.ExceptionHandlerExceptionResolver : ControllerAdvice beans: 0 @ExceptionHandler, 1 ResponseBodyAdvice
2021-08-12 20:46:58.576  WARN 2024 --- [restartedMain] ion$DefaultTemplateResolverConfiguration : Cannot find template location: classpath:/templates/ (please add some templates or check your Thymeleaf configuration)
2021-08-12 20:46:58.689  INFO 2024 --- [restartedMain] o.s.b.d.a.OptionalLiveReloadServer       : LiveReload server is running on port 35729
2021-08-12 20:46:58.734  INFO 2024 --- [restartedMain] o.s.b.w.embedded.tomcat.TomcatWebServer  : Tomcat started on port(s): 8080 (http) with context path ''
2021-08-12 20:46:58.745  INFO 2024 --- [restartedMain] com.globehopper.CountryApp14Application  : Started CountryApp14Application in 6.065 seconds (JVM running for 7.327)
2021-08-12 20:46:58.749  INFO 2024 --- [restartedMain] com.globehopper.CountryApp14Application  : ***Kya chal raha hai? ***
2021-08-12 20:47:37.383  INFO 2024 --- [http-nio-8080-exec-2] o.a.c.c.C.[Tomcat].[localhost].[/]       : Initializing Spring DispatcherServlet 'dispatcherServlet'
2021-08-12 20:47:37.385  INFO 2024 --- [http-nio-8080-exec-2] o.s.web.servlet.DispatcherServlet        : Initializing Servlet 'dispatcherServlet'
2021-08-12 20:47:37.386 DEBUG 2024 --- [http-nio-8080-exec-2] o.s.web.servlet.DispatcherServlet        : Detected StandardServletMultipartResolver
2021-08-12 20:47:37.387 DEBUG 2024 --- [http-nio-8080-exec-2] o.s.web.servlet.DispatcherServlet        : Detected AcceptHeaderLocaleResolver
2021-08-12 20:47:37.387 DEBUG 2024 --- [http-nio-8080-exec-2] o.s.web.servlet.DispatcherServlet        : Detected FixedThemeResolver
2021-08-12 20:47:37.389 DEBUG 2024 --- [http-nio-8080-exec-2] o.s.web.servlet.DispatcherServlet        : Detected org.springframework.web.servlet.view.DefaultRequestToViewNameTranslator@7c3e17f3
2021-08-12 20:47:37.389 DEBUG 2024 --- [http-nio-8080-exec-2] o.s.web.servlet.DispatcherServlet        : Detected org.springframework.web.servlet.support.SessionFlashMapManager@6cc0a09e
2021-08-12 20:47:37.390 DEBUG 2024 --- [http-nio-8080-exec-2] o.s.web.servlet.DispatcherServlet        : enableLoggingRequestDetails='false': request parameters and headers will be masked to prevent unsafe logging of potentially sensitive data
2021-08-12 20:47:37.390  INFO 2024 --- [http-nio-8080-exec-2] o.s.web.servlet.DispatcherServlet        : Completed initialization in 4 ms
2021-08-12 20:47:37.405 DEBUG 2024 --- [http-nio-8080-exec-2] o.s.web.servlet.DispatcherServlet        : GET "/countries/readall", parameters={}
2021-08-12 20:47:37.417 DEBUG 2024 --- [http-nio-8080-exec-2] o.s.w.s.handler.SimpleUrlHandlerMapping  : Mapped to ResourceHttpRequestHandler [Classpath [META-INF/resources/], Classpath [resources/], Classpath [static/], Classpath [public/], ServletContext [/]]
2021-08-12 20:47:37.427 DEBUG 2024 --- [http-nio-8080-exec-2] o.s.w.s.r.ResourceHttpRequestHandler     : Resource not found
2021-08-12 20:47:37.427 DEBUG 2024 --- [http-nio-8080-exec-2] o.s.web.servlet.DispatcherServlet        : Completed 404 NOT_FOUND
2021-08-12 20:47:37.433 DEBUG 2024 --- [http-nio-8080-exec-2] o.s.web.servlet.DispatcherServlet        : "ERROR" dispatch for GET "/error", parameters={}
2021-08-12 20:47:37.438 DEBUG 2024 --- [http-nio-8080-exec-2] s.w.s.m.m.a.RequestMappingHandlerMapping : Mapped to org.springframework.boot.autoconfigure.web.servlet.error.BasicErrorController#errorHtml(HttpServletRequest, HttpServletResponse)
2021-08-12 20:47:37.474 DEBUG 2024 --- [http-nio-8080-exec-2] o.s.w.s.v.ContentNegotiatingViewResolver : Selected 'text/html' given [text/html, text/html;q=0.8]
2021-08-12 20:47:37.479 DEBUG 2024 --- [http-nio-8080-exec-2] o.s.web.servlet.DispatcherServlet        : Exiting from "ERROR" dispatch, status 404
2021-08-12 20:47:37.581 DEBUG 2024 --- [http-nio-8080-exec-3] o.s.web.servlet.DispatcherServlet        : GET "/favicon.ico", parameters={}
2021-08-12 20:47:37.583 DEBUG 2024 --- [http-nio-8080-exec-3] o.s.w.s.handler.SimpleUrlHandlerMapping  : Mapped to ResourceHttpRequestHandler [Classpath [META-INF/resources/], Classpath [resources/], Classpath [static/], Classpath [public/], ServletContext [/]]
2021-08-12 20:47:37.588 DEBUG 2024 --- [http-nio-8080-exec-3] o.s.w.s.r.ResourceHttpRequestHandler     : Resource not found
2021-08-12 20:47:37.589 DEBUG 2024 --- [http-nio-8080-exec-3] o.s.web.servlet.DispatcherServlet        : Completed 404 NOT_FOUND
2021-08-12 20:47:37.590 DEBUG 2024 --- [http-nio-8080-exec-3] o.s.web.servlet.DispatcherServlet        : "ERROR" dispatch for GET "/error", parameters={}
2021-08-12 20:47:37.591 DEBUG 2024 --- [http-nio-8080-exec-3] s.w.s.m.m.a.RequestMappingHandlerMapping : Mapped to org.springframework.boot.autoconfigure.web.servlet.error.BasicErrorController#error(HttpServletRequest)
2021-08-12 20:47:37.627 DEBUG 2024 --- [http-nio-8080-exec-3] o.s.w.s.m.m.a.HttpEntityMethodProcessor  : Using 'application/json', given [image/webp, */*] and supported [application/json, application/*+json, application/json, application/*+json]
2021-08-12 20:47:37.627 DEBUG 2024 --- [http-nio-8080-exec-3] o.s.w.s.m.m.a.HttpEntityMethodProcessor  : Writing [{timestamp=Thu Aug 12 20:47:37 EDT 2021, status=404, error=Not Found, message=No message available,  (truncated)...]
2021-08-12 20:47:37.695 DEBUG 2024 --- [http-nio-8080-exec-3] o.s.web.servlet.DispatcherServlet        : Exiting from "ERROR" dispatch, status 404
2021-08-12 20:49:24.987 DEBUG 2024 --- [http-nio-8080-exec-4] o.s.web.servlet.DispatcherServlet        : GET "/country/readall", parameters={}
2021-08-12 20:49:24.988 DEBUG 2024 --- [http-nio-8080-exec-4] s.w.s.m.m.a.RequestMappingHandlerMapping : Mapped to com.globehopper.controllers.CountryController#getCountries()
2021-08-12 20:49:24.990  INFO 2024 --- [http-nio-8080-exec-4] c.g.controllers.CountryController        : ***reading all countries 
2021-08-12 20:49:25.450 DEBUG 2024 --- [http-nio-8080-exec-4] m.m.a.RequestResponseBodyMethodProcessor : Using 'application/json;q=0.8', given [text/html, application/xhtml+xml, image/webp, application/xml;q=0.9, */*;q=0.8] and supported [application/json, application/*+json, application/json, application/*+json]
2021-08-12 20:49:25.451 DEBUG 2024 --- [http-nio-8080-exec-4] m.m.a.RequestResponseBodyMethodProcessor : Writing [[com.globehopper.models.Country@3b282199, com.globehopper.models.Country@7f3ada0d, com.globehopper.m (truncated)...]
2021-08-12 20:49:25.495 DEBUG 2024 --- [http-nio-8080-exec-4] o.s.web.servlet.DispatcherServlet        : Completed 200 OK
2021-08-12 20:49:46.117  INFO 2024 --- [RMI TCP Connection(4)-127.0.0.1] inMXBeanRegistrar$SpringApplicationAdmin : Application shutdown requested.
2021-08-12 20:49:46.418  INFO 2024 --- [RMI TCP Connection(4)-127.0.0.1] j.LocalContainerEntityManagerFactoryBean : Closing JPA EntityManagerFactory for persistence unit 'default'
2021-08-12 20:49:46.424  INFO 2024 --- [RMI TCP Connection(4)-127.0.0.1] com.zaxxer.hikari.HikariDataSource       : HikariPool-1 - Shutdown initiated...
2021-08-12 20:49:46.445  INFO 2024 --- [RMI TCP Connection(4)-127.0.0.1] com.zaxxer.hikari.HikariDataSource       : HikariPool-1 - Shutdown completed.
2021-08-12 20:51:29.867  INFO 3324 --- [main] c.g.controllers.CapitalControllerTests   : Starting CapitalControllerTests using Java 11.0.10 on DESKTOP-AC0QMIT with PID 3324 (started by David in C:\Users\David\GitHubRepos\countryappbackend\CountryApp14)
2021-08-12 20:51:29.869 DEBUG 3324 --- [main] c.g.controllers.CapitalControllerTests   : Running with Spring Boot v2.5.1, Spring v5.3.8
2021-08-12 20:51:29.876  INFO 3324 --- [main] c.g.controllers.CapitalControllerTests   : No active profile set, falling back to default profiles: default
2021-08-12 20:51:29.959 DEBUG 3324 --- [main] o.s.w.c.s.GenericWebApplicationContext   : Refreshing org.springframework.web.context.support.GenericWebApplicationContext@73e132e0
2021-08-12 20:51:31.656  INFO 3324 --- [main] .s.d.r.c.RepositoryConfigurationDelegate : Bootstrapping Spring Data JPA repositories in DEFAULT mode.
2021-08-12 20:51:31.762  INFO 3324 --- [main] .s.d.r.c.RepositoryConfigurationDelegate : Finished Spring Data repository scanning in 89 ms. Found 3 JPA repository interfaces.
2021-08-12 20:51:32.618  INFO 3324 --- [main] com.zaxxer.hikari.HikariDataSource       : HikariPool-1 - Starting...
2021-08-12 20:51:33.554  INFO 3324 --- [main] com.zaxxer.hikari.HikariDataSource       : HikariPool-1 - Start completed.
2021-08-12 20:51:34.079  INFO 3324 --- [main] o.hibernate.jpa.internal.util.LogHelper  : HHH000204: Processing PersistenceUnitInfo [name: default]
2021-08-12 20:51:34.166  INFO 3324 --- [main] org.hibernate.Version                    : HHH000412: Hibernate ORM core version 5.4.32.Final
2021-08-12 20:51:34.473  INFO 3324 --- [main] o.hibernate.annotations.common.Version   : HCANN000001: Hibernate Commons Annotations {5.1.2.Final}
2021-08-12 20:51:34.768  INFO 3324 --- [main] org.hibernate.dialect.Dialect            : HHH000400: Using dialect: org.hibernate.dialect.MySQL8Dialect
2021-08-12 20:51:35.893  INFO 3324 --- [main] o.h.e.t.j.p.i.JtaPlatformInitiator       : HHH000490: Using JtaPlatform implementation: [org.hibernate.engine.transaction.jta.platform.internal.NoJtaPlatform]
2021-08-12 20:51:35.905  INFO 3324 --- [main] j.LocalContainerEntityManagerFactoryBean : Initialized JPA EntityManagerFactory for persistence unit 'default'
2021-08-12 20:51:37.002  WARN 3324 --- [main] JpaBaseConfiguration$JpaWebConfiguration : spring.jpa.open-in-view is enabled by default. Therefore, database queries may be performed during view rendering. Explicitly configure spring.jpa.open-in-view to disable this warning
2021-08-12 20:51:37.434 DEBUG 3324 --- [main] s.w.s.m.m.a.RequestMappingHandlerAdapter : ControllerAdvice beans: 0 @ModelAttribute, 0 @InitBinder, 1 RequestBodyAdvice, 1 ResponseBodyAdvice
2021-08-12 20:51:37.659 DEBUG 3324 --- [main] s.w.s.m.m.a.RequestMappingHandlerMapping : 23 mappings in 'requestMappingHandlerMapping'
2021-08-12 20:51:37.836 DEBUG 3324 --- [main] o.s.w.s.handler.SimpleUrlHandlerMapping  : Patterns [/webjars/**, /**] in 'resourceHandlerMapping'
2021-08-12 20:51:37.876 DEBUG 3324 --- [main] .m.m.a.ExceptionHandlerExceptionResolver : ControllerAdvice beans: 0 @ExceptionHandler, 1 ResponseBodyAdvice
2021-08-12 20:51:38.094  WARN 3324 --- [main] ion$DefaultTemplateResolverConfiguration : Cannot find template location: classpath:/templates/ (please add some templates or check your Thymeleaf configuration)
2021-08-12 20:51:38.393  INFO 3324 --- [main] c.g.controllers.CapitalControllerTests   : Started CapitalControllerTests in 9.121 seconds (JVM running for 11.07)
2021-08-12 20:51:38.619  INFO 3324 --- [main] c.g.controllers.CityController           : ***Test 2 reading one capital by path variable 218
2021-08-12 20:51:38.753  INFO 3324 --- [main] c.g.controllers.CityController           : ***Test 4 creating a capital POST
2021-08-12 20:51:38.884  INFO 3324 --- [main] c.g.controllers.CityController           : ***test 7 deleting one capital by request parameter 77777
2021-08-12 20:51:38.921  INFO 3324 --- [main] c.g.controllers.CityController           : ***Test 3 reading one capital by request parameter 218
2021-08-12 20:51:38.934  INFO 3324 --- [main] c.g.controllers.CityController           : ***Test 5 updating a capital PUT
2021-08-12 20:51:38.949  INFO 3324 --- [main] c.g.controllers.CityController           : ***Test 3 reading one capital by request parameter 77777
2021-08-12 20:51:38.966  INFO 3324 --- [main] c.g.controllers.CityController           : ***Test 4 creating a capital POST
2021-08-12 20:51:38.986  INFO 3324 --- [main] c.g.controllers.CityController           : ***Test 3 reading one capital by request parameter 77777
2021-08-12 20:51:39.005  INFO 3324 --- [main] c.g.controllers.CityController           : ***Test 4 creating a capital POST
2021-08-12 20:51:39.011  INFO 3324 --- [main] c.g.controllers.CityController           : ***Test 6 deleting one capital by path variable 77777
2021-08-12 20:51:39.026  INFO 3324 --- [main] c.g.controllers.CityController           : ***Test 1 reading all capitals 
2021-08-12 20:51:39.351  INFO 3324 --- [main] .b.t.c.SpringBootTestContextBootstrapper : Neither @ContextConfiguration nor @ContextHierarchy found for test class [com.globehopper.controllers.CityControllerTests], using SpringBootContextLoader
2021-08-12 20:51:39.353  INFO 3324 --- [main] o.s.t.c.support.AbstractContextLoader    : Could not detect default resource locations for test class [com.globehopper.controllers.CityControllerTests]: no resource found for suffixes {-context.xml, Context.groovy}.
2021-08-12 20:51:39.354  INFO 3324 --- [main] t.c.s.AnnotationConfigContextLoaderUtils : Could not detect default configuration classes for test class [com.globehopper.controllers.CityControllerTests]: CityControllerTests does not declare any static, non-private, non-final, nested classes annotated with @Configuration.
2021-08-12 20:51:39.359  INFO 3324 --- [main] .b.t.c.SpringBootTestContextBootstrapper : Found @SpringBootConfiguration com.globehopper.CountryApp14Application for test class com.globehopper.controllers.CityControllerTests
2021-08-12 20:51:39.364  INFO 3324 --- [main] .b.t.c.SpringBootTestContextBootstrapper : Loaded default TestExecutionListener class names from location [META-INF/spring.factories]: [org.springframework.boot.test.mock.mockito.MockitoTestExecutionListener, org.springframework.boot.test.mock.mockito.ResetMocksTestExecutionListener, org.springframework.boot.test.autoconfigure.restdocs.RestDocsTestExecutionListener, org.springframework.boot.test.autoconfigure.web.client.MockRestServiceServerResetTestExecutionListener, org.springframework.boot.test.autoconfigure.web.servlet.MockMvcPrintOnlyOnFailureTestExecutionListener, org.springframework.boot.test.autoconfigure.web.servlet.WebDriverTestExecutionListener, org.springframework.boot.test.autoconfigure.webservices.client.MockWebServiceServerTestExecutionListener, org.springframework.test.context.web.ServletTestExecutionListener, org.springframework.test.context.support.DirtiesContextBeforeModesTestExecutionListener, org.springframework.test.context.event.ApplicationEventsTestExecutionListener, org.springframework.test.context.support.DependencyInjectionTestExecutionListener, org.springframework.test.context.support.DirtiesContextTestExecutionListener, org.springframework.test.context.transaction.TransactionalTestExecutionListener, org.springframework.test.context.jdbc.SqlScriptsTestExecutionListener, org.springframework.test.context.event.EventPublishingTestExecutionListener]
2021-08-12 20:51:39.368  INFO 3324 --- [main] .b.t.c.SpringBootTestContextBootstrapper : Using TestExecutionListeners: [org.springframework.test.context.web.ServletTestExecutionListener@69e8f7a5, org.springframework.test.context.support.DirtiesContextBeforeModesTestExecutionListener@1013aa94, org.springframework.test.context.event.ApplicationEventsTestExecutionListener@36bd07ec, org.springframework.boot.test.mock.mockito.MockitoTestExecutionListener@85b9f9c, org.springframework.boot.test.autoconfigure.SpringBootDependencyInjectionTestExecutionListener@26a004ed, org.springframework.test.context.support.DirtiesContextTestExecutionListener@2b6a4da7, org.springframework.test.context.transaction.TransactionalTestExecutionListener@75b6bd41, org.springframework.test.context.jdbc.SqlScriptsTestExecutionListener@21457b14, org.springframework.test.context.event.EventPublishingTestExecutionListener@7e484bd, org.springframework.boot.test.mock.mockito.ResetMocksTestExecutionListener@7e1ae693, org.springframework.boot.test.autoconfigure.restdocs.RestDocsTestExecutionListener@3e0600a4, org.springframework.boot.test.autoconfigure.web.client.MockRestServiceServerResetTestExecutionListener@341141ab, org.springframework.boot.test.autoconfigure.web.servlet.MockMvcPrintOnlyOnFailureTestExecutionListener@1773faf8, org.springframework.boot.test.autoconfigure.web.servlet.WebDriverTestExecutionListener@3ef4a8fb, org.springframework.boot.test.autoconfigure.webservices.client.MockWebServiceServerTestExecutionListener@30f99ca1]
2021-08-12 20:51:39.478  INFO 3324 --- [main] c.g.controllers.CityController           : ***updating a city PUT
2021-08-12 20:51:39.588  INFO 3324 --- [main] c.g.controllers.CityController           : ***reading one city by request parameter 77777
2021-08-12 20:51:39.607  INFO 3324 --- [main] c.g.controllers.CityController           : ***creating a city POST
2021-08-12 20:51:39.628  INFO 3324 --- [main] c.g.controllers.CityController           : ***deleting one city by path variable 77777
2021-08-12 20:51:39.652  INFO 3324 --- [main] c.g.controllers.CityController           : ***reading all cities 
2021-08-12 20:51:39.833  INFO 3324 --- [main] c.g.controllers.CityController           : ***creating a city POST
2021-08-12 20:51:39.855  INFO 3324 --- [main] c.g.controllers.CityController           : ***deleting one city by request parameter 77777
2021-08-12 20:51:39.879  INFO 3324 --- [main] c.g.controllers.CityController           : ***reading one city by request parameter 218
2021-08-12 20:51:39.899  INFO 3324 --- [main] c.g.controllers.CityController           : ***reading one city by path variable 218
2021-08-12 20:51:39.940  INFO 3324 --- [main] c.g.controllers.CityController           : ***creating a city POST
2021-08-12 20:51:39.963  INFO 3324 --- [main] c.g.controllers.CityController           : ***reading one city by request parameter 77777
2021-08-12 20:51:39.986  INFO 3324 --- [main] .b.t.c.SpringBootTestContextBootstrapper : Neither @ContextConfiguration nor @ContextHierarchy found for test class [com.globehopper.controllers.CountryControllerTests], using SpringBootContextLoader
2021-08-12 20:51:39.987  INFO 3324 --- [main] o.s.t.c.support.AbstractContextLoader    : Could not detect default resource locations for test class [com.globehopper.controllers.CountryControllerTests]: no resource found for suffixes {-context.xml, Context.groovy}.
2021-08-12 20:51:40.035  INFO 3324 --- [main] t.c.s.AnnotationConfigContextLoaderUtils : Could not detect default configuration classes for test class [com.globehopper.controllers.CountryControllerTests]: CountryControllerTests does not declare any static, non-private, non-final, nested classes annotated with @Configuration.
2021-08-12 20:51:40.040  INFO 3324 --- [main] .b.t.c.SpringBootTestContextBootstrapper : Found @SpringBootConfiguration com.globehopper.CountryApp14Application for test class com.globehopper.controllers.CountryControllerTests
2021-08-12 20:51:40.044  INFO 3324 --- [main] .b.t.c.SpringBootTestContextBootstrapper : Loaded default TestExecutionListener class names from location [META-INF/spring.factories]: [org.springframework.boot.test.mock.mockito.MockitoTestExecutionListener, org.springframework.boot.test.mock.mockito.ResetMocksTestExecutionListener, org.springframework.boot.test.autoconfigure.restdocs.RestDocsTestExecutionListener, org.springframework.boot.test.autoconfigure.web.client.MockRestServiceServerResetTestExecutionListener, org.springframework.boot.test.autoconfigure.web.servlet.MockMvcPrintOnlyOnFailureTestExecutionListener, org.springframework.boot.test.autoconfigure.web.servlet.WebDriverTestExecutionListener, org.springframework.boot.test.autoconfigure.webservices.client.MockWebServiceServerTestExecutionListener, org.springframework.test.context.web.ServletTestExecutionListener, org.springframework.test.context.support.DirtiesContextBeforeModesTestExecutionListener, org.springframework.test.context.event.ApplicationEventsTestExecutionListener, org.springframework.test.context.support.DependencyInjectionTestExecutionListener, org.springframework.test.context.support.DirtiesContextTestExecutionListener, org.springframework.test.context.transaction.TransactionalTestExecutionListener, org.springframework.test.context.jdbc.SqlScriptsTestExecutionListener, org.springframework.test.context.event.EventPublishingTestExecutionListener]
2021-08-12 20:51:40.045  INFO 3324 --- [main] .b.t.c.SpringBootTestContextBootstrapper : Using TestExecutionListeners: [org.springframework.test.context.web.ServletTestExecutionListener@39cf7f3c, org.springframework.test.context.support.DirtiesContextBeforeModesTestExecutionListener@25df95b, org.springframework.test.context.event.ApplicationEventsTestExecutionListener@2fb9695a, org.springframework.boot.test.mock.mockito.MockitoTestExecutionListener@33da0fad, org.springframework.boot.test.autoconfigure.SpringBootDependencyInjectionTestExecutionListener@712eb075, org.springframework.test.context.support.DirtiesContextTestExecutionListener@1cd4082a, org.springframework.test.context.transaction.TransactionalTestExecutionListener@78c34153, org.springframework.test.context.jdbc.SqlScriptsTestExecutionListener@1b079e81, org.springframework.test.context.event.EventPublishingTestExecutionListener@1fae388c, org.springframework.boot.test.mock.mockito.ResetMocksTestExecutionListener@2387e60b, org.springframework.boot.test.autoconfigure.restdocs.RestDocsTestExecutionListener@41acf2f1, org.springframework.boot.test.autoconfigure.web.client.MockRestServiceServerResetTestExecutionListener@66f88fd3, org.springframework.boot.test.autoconfigure.web.servlet.MockMvcPrintOnlyOnFailureTestExecutionListener@87cb1d8, org.springframework.boot.test.autoconfigure.web.servlet.WebDriverTestExecutionListener@14d7a962, org.springframework.boot.test.autoconfigure.webservices.client.MockWebServiceServerTestExecutionListener@324afa73]
2021-08-12 20:51:40.079  INFO 3324 --- [main] c.g.controllers.CountryController        : ***reading all countries 
2021-08-12 20:51:40.197  INFO 3324 --- [main] c.g.controllers.CountryController        : ***reading one country by request parameter 218
2021-08-12 20:51:40.227  INFO 3324 --- [main] c.g.controllers.CountryController        : ***reading one country by path variable 218
2021-08-12 20:51:40.296  INFO 3324 --- [main] c.g.controllers.CountryController        : ***updating a country PUT
2021-08-12 20:51:40.308  INFO 3324 --- [main] c.g.controllers.CountryController        : ***reading one country by request parameter 77777
2021-08-12 20:51:40.352  INFO 3324 --- [main] c.g.controllers.CountryController        : ***creating a country POST
2021-08-12 20:51:40.376  INFO 3324 --- [main] c.g.controllers.CountryController        : ***reading one country by request parameter 77777
2021-08-12 20:51:40.396  INFO 3324 --- [main] c.g.controllers.CountryController        : ***creating a country POST
2021-08-12 20:51:40.401  INFO 3324 --- [main] c.g.controllers.CountryController        : ***deleting one country by request parameter 77777
2021-08-12 20:51:40.420  INFO 3324 --- [main] c.g.controllers.CountryController        : ***creating a country POST
2021-08-12 20:51:40.430  INFO 3324 --- [main] c.g.controllers.CountryController        : ***deleting one country by path variable 77777
2021-08-12 20:51:40.501 DEBUG 3324 --- [SpringApplicationShutdownHook] o.s.w.c.s.GenericWebApplicationContext   : Closing org.springframework.web.context.support.GenericWebApplicationContext@73e132e0, started on Thu Aug 12 20:51:29 EDT 2021
2021-08-12 20:51:40.521  INFO 3324 --- [SpringApplicationShutdownHook] j.LocalContainerEntityManagerFactoryBean : Closing JPA EntityManagerFactory for persistence unit 'default'
2021-08-12 20:51:40.531  INFO 3324 --- [SpringApplicationShutdownHook] com.zaxxer.hikari.HikariDataSource       : HikariPool-1 - Shutdown initiated...
2021-08-12 20:51:40.558  INFO 3324 --- [SpringApplicationShutdownHook] com.zaxxer.hikari.HikariDataSource       : HikariPool-1 - Shutdown completed.
